2025-03-02 20:41:27,628 - WARNING - PyNaCl is not installed, voice will NOT be supported
2025-03-02 20:41:27,639 - INFO - logging in using static token
2025-03-02 20:41:29,048 - INFO - Shard ID None has connected to Gateway (Session ID: afede267e0c15f4d689f5a682231d0ed).
2025-03-02 20:41:59,992 - WARNING - PyNaCl is not installed, voice will NOT be supported
2025-03-02 20:41:59,998 - INFO - logging in using static token
2025-03-02 20:42:01,370 - INFO - Shard ID None has connected to Gateway (Session ID: edd8b885c640f3f961b8fed527f154c2).
2025-03-02 20:44:52,957 - WARNING - PyNaCl is not installed, voice will NOT be supported
2025-03-02 20:44:52,963 - INFO - logging in using static token
2025-03-02 20:44:54,349 - INFO - Shard ID None has connected to Gateway (Session ID: b29f300f9dfd230992cd67019fd93eda).
2025-03-02 20:48:22,058 - WARNING - PyNaCl is not installed, voice will NOT be supported
2025-03-02 20:48:22,065 - INFO - logging in using static token
2025-03-02 20:48:23,426 - INFO - Shard ID None has connected to Gateway (Session ID: 78efc8d3a4fe8269a85510a3a8019f2b).
2025-03-02 20:50:55,146 - INFO - 開始追踪伺服器 skeleton-finished (1.20.4) 進程 (PID: 44656)
2025-03-02 20:51:15,178 - INFO - 伺服器 skeleton-finished (1.20.4) 進程已終止 (PID: 44656)
2025-03-02 20:54:33,948 - WARNING - PyNaCl is not installed, voice will NOT be supported
2025-03-02 20:54:33,955 - INFO - logging in using static token
2025-03-02 20:54:35,334 - INFO - Shard ID None has connected to Gateway (Session ID: 1d27adedc7032a4bb8184e2d3b7dd8ed).
2025-03-02 20:54:41,120 - INFO - 開始追踪伺服器 skeleton-finished (1.20.4) 進程 (PID: 43104)
2025-03-02 20:55:56,753 - WARNING - PyNaCl is not installed, voice will NOT be supported
2025-03-02 20:55:56,760 - INFO - logging in using static token
2025-03-02 20:55:58,025 - INFO - Shard ID None has connected to Gateway (Session ID: 4b01306e869521fe4b944eec2ba6cb3a).
2025-03-02 21:00:16,178 - WARNING - PyNaCl is not installed, voice will NOT be supported
2025-03-02 21:00:16,186 - INFO - logging in using static token
2025-03-02 21:00:17,643 - INFO - Shard ID None has connected to Gateway (Session ID: f724bc11ec27be3a8231acbb00cc7f3f).
2025-03-02 21:02:23,749 - INFO - 開始追踪伺服器 skeleton-finished (1.20.4) 進程 (PID: 45360)
2025-03-02 21:03:22,379 - INFO - 開始追踪伺服器 skeleton-finished (1.20.4) 進程 (PID: 37504)
2025-03-02 21:03:52,438 - INFO - 伺服器 skeleton-finished (1.20.4) 進程已終止 (PID: 37504)
2025-03-02 21:08:05,567 - WARNING - PyNaCl is not installed, voice will NOT be supported
2025-03-02 21:08:05,575 - INFO - logging in using static token
2025-03-02 21:08:07,035 - INFO - Shard ID None has connected to Gateway (Session ID: d943c73af172998482ef640fdca0a3e1).
2025-03-02 21:08:24,208 - INFO - 開始追踪伺服器 skeleton-finished (1.20.4) 進程 (PID: 36784)
2025-03-02 21:36:06,037 - WARNING - PyNaCl is not installed, voice will NOT be supported
2025-03-02 21:36:06,044 - INFO - logging in using static token
2025-03-02 21:36:07,663 - INFO - Shard ID None has connected to Gateway (Session ID: 14ac5bb53a6d7e0b6bd46c7d179b55f6).
2025-03-02 21:36:12,745 - INFO - 開始追踪伺服器 skeleton-finished (1.20.4) 進程 (PID: 44176)
2025-03-02 21:38:07,018 - INFO - 開始追踪伺服器 skeleton-finished (1.20.4) 進程 (PID: 9304)
2025-03-02 21:40:03,858 - WARNING - PyNaCl is not installed, voice will NOT be supported
2025-03-02 21:40:03,864 - INFO - logging in using static token
2025-03-02 21:40:05,258 - INFO - Shard ID None has connected to Gateway (Session ID: d4167e97ab1741087254a5db3dbe272b).
2025-03-02 21:40:30,411 - INFO - 開始追踪伺服器 skeleton-finished (1.20.4) 進程 (PID: 39576)
2025-03-02 21:49:12,954 - WARNING - PyNaCl is not installed, voice will NOT be supported
2025-03-02 21:49:12,961 - INFO - logging in using static token
2025-03-02 21:49:14,266 - INFO - Shard ID None has connected to Gateway (Session ID: 5de2332a880f5aade7b2366c907352a5).
2025-03-02 21:49:58,319 - INFO - 開始追踪伺服器 skeleton-finished (1.20.4) 進程 (PID: 33876)
2025-03-02 21:54:01,918 - WARNING - PyNaCl is not installed, voice will NOT be supported
2025-03-02 21:54:01,927 - INFO - logging in using static token
2025-03-02 21:54:03,219 - INFO - Shard ID None has connected to Gateway (Session ID: 80f97130812e3ae1e837a9c55746672e).
2025-03-02 21:54:45,412 - INFO - 開始追踪伺服器 skeleton-finished (1.20.4) 進程 (PID: 42348)
2025-03-02 21:55:34,929 - WARNING - PyNaCl is not installed, voice will NOT be supported
2025-03-02 21:55:34,936 - INFO - logging in using static token
2025-03-02 21:55:36,414 - INFO - Shard ID None has connected to Gateway (Session ID: d81fb779fb3b6510ae8ca0a7077e575e).
2025-03-02 21:56:05,360 - INFO - 開始追踪伺服器 skeleton-finished (1.20.4) 進程 (PID: 47088)
2025-03-02 21:57:39,903 - WARNING - PyNaCl is not installed, voice will NOT be supported
2025-03-02 21:57:39,910 - INFO - logging in using static token
2025-03-02 21:57:41,265 - INFO - Shard ID None has connected to Gateway (Session ID: 6c38933d059422865a18b8a5ae6e9a67).
2025-03-02 21:57:52,403 - INFO - 開始追踪伺服器 skeleton-finished (1.20.4) 進程 (PID: 32792)
2025-03-02 21:58:12,449 - INFO - 伺服器 skeleton-finished (1.20.4) 進程已終止 (PID: 32792)
2025-03-02 21:59:01,453 - INFO - 開始追踪伺服器 skeleton-finished (1.20.4) 進程 (PID: 10120)
2025-03-02 21:59:06,467 - INFO - 伺服器 skeleton-finished (1.20.4) 進程已終止 (PID: 10120)
2025-03-02 21:59:26,364 - INFO - 開始追踪伺服器 skeleton-finished (1.20.4) 進程 (PID: 38188)
2025-03-02 21:59:33,786 - ERROR - Ignoring exception in command stop
Traceback (most recent call last):
  File "C:\Users\weiti\AppData\Local\pypoetry\Cache\virtualenvs\open-myminecraftserver-VKvd_2NT-py3.13\Lib\site-packages\discord\ext\commands\bot.py", line 1366, in invoke
    await ctx.command.invoke(ctx)
  File "C:\Users\weiti\AppData\Local\pypoetry\Cache\virtualenvs\open-myminecraftserver-VKvd_2NT-py3.13\Lib\site-packages\discord\ext\commands\core.py", line 1021, in invoke
    await self.prepare(ctx)
  File "C:\Users\weiti\AppData\Local\pypoetry\Cache\virtualenvs\open-myminecraftserver-VKvd_2NT-py3.13\Lib\site-packages\discord\ext\commands\core.py", line 938, in prepare
    await self._parse_arguments(ctx)
  File "C:\Users\weiti\AppData\Local\pypoetry\Cache\virtualenvs\open-myminecraftserver-VKvd_2NT-py3.13\Lib\site-packages\discord\ext\commands\core.py", line 845, in _parse_arguments
    transformed = await self.transform(ctx, param, attachments)
                  ^^^^^^^^^^^^^^^^^^^^^^^^^^^^^^^^^^^^^^^^^^^^^
  File "C:\Users\weiti\AppData\Local\pypoetry\Cache\virtualenvs\open-myminecraftserver-VKvd_2NT-py3.13\Lib\site-packages\discord\ext\commands\core.py", line 697, in transform
    raise MissingRequiredArgument(param)
discord.ext.commands.errors.MissingRequiredArgument: server_identifier is a required argument that is missing.
2025-03-02 22:01:34,245 - WARNING - PyNaCl is not installed, voice will NOT be supported
2025-03-02 22:01:34,253 - INFO - logging in using static token
2025-03-02 22:01:35,640 - INFO - Shard ID None has connected to Gateway (Session ID: 4951f26b5b9f5af9556006888ea626ee).
2025-03-02 22:01:44,355 - INFO - 開始追踪伺服器 skeleton-finished (1.20.4) 進程 (PID: 45308)
2025-03-02 22:02:37,790 - INFO - 開始追踪伺服器 skeleton-finished (1.20.4) 進程 (PID: 33616)
2025-03-02 22:13:03,821 - INFO - 伺服器 skeleton-finished (1.20.4) 進程已終止 (PID: 33616)
2025-03-02 22:13:18,842 - WARNING - PyNaCl is not installed, voice will NOT be supported
2025-03-02 22:13:18,849 - INFO - logging in using static token
2025-03-02 22:13:20,153 - INFO - Shard ID None has connected to Gateway (Session ID: 0f76e3ef98d6e5a8dc276305b2e3f858).
2025-03-02 22:13:45,485 - INFO - 開始追踪伺服器 skeleton-finished (1.20.4) 進程 (PID: 40608)
2025-03-02 22:23:04,885 - WARNING - PyNaCl is not installed, voice will NOT be supported
2025-03-02 22:23:04,892 - INFO - logging in using static token
2025-03-02 22:23:06,242 - INFO - Shard ID None has connected to Gateway (Session ID: e990e58624d9cc3da71a188b1ef57332).
2025-03-02 22:23:40,833 - INFO - 開始追踪伺服器 skeleton-finished (1.20.4) 進程 (PID: 5800)
2025-03-02 22:24:30,929 - INFO - 伺服器 skeleton-finished (1.20.4) 進程已終止 (PID: 5800)
2025-03-02 22:25:06,430 - INFO - 開始追踪伺服器 skeleton-finished (1.20.4) 進程 (PID: 15040)
2025-03-02 22:44:01,215 - WARNING - PyNaCl is not installed, voice will NOT be supported
2025-03-02 22:44:01,222 - INFO - logging in using static token
2025-03-02 22:44:02,935 - INFO - Shard ID None has connected to Gateway (Session ID: 55094967721a7b8a3e2a75683c777ad4).
2025-03-02 22:44:54,298 - INFO - 開始追踪伺服器 skeleton-finished (1.20.4) 進程 (PID: 10940)
2025-03-02 22:45:29,375 - INFO - 伺服器 skeleton-finished (1.20.4) 進程已終止 (PID: 10940)
2025-03-02 22:45:59,850 - INFO - 開始追踪伺服器 skeleton-finished (1.20.4) 進程 (PID: 43216)
2025-03-02 22:46:34,919 - INFO - 伺服器 skeleton-finished (1.20.4) 進程已終止 (PID: 43216)
2025-03-04 22:38:46,625 - WARNING - PyNaCl is not installed, voice will NOT be supported
2025-03-04 22:38:46,635 - INFO - logging in using static token
2025-03-04 22:38:48,092 - INFO - Shard ID None has connected to Gateway (Session ID: 568d5eff997cfd23609a3c8ce32473da).
2025-03-04 22:42:11,750 - WARNING - PyNaCl is not installed, voice will NOT be supported
2025-03-04 22:42:11,758 - INFO - logging in using static token
2025-03-04 22:42:13,194 - INFO - Shard ID None has connected to Gateway (Session ID: a157a5205fd05776476dd130c3a96b5e).
2025-03-04 22:43:57,810 - WARNING - PyNaCl is not installed, voice will NOT be supported
2025-03-04 22:43:57,816 - INFO - logging in using static token
2025-03-04 22:43:59,212 - INFO - Shard ID None has connected to Gateway (Session ID: 4b529252da11ad510d7570eda378baed).
2025-03-04 22:45:27,231 - WARNING - PyNaCl is not installed, voice will NOT be supported
2025-03-04 22:45:27,240 - INFO - logging in using static token
2025-03-04 22:45:28,531 - INFO - Shard ID None has connected to Gateway (Session ID: 5a32a45bb33f09dc1268728ed769eed5).
